Determining if the pthread_create exist failed with the following output:
Change Dir: /home/julian/projects/graphqlcpp-vmtest/cmake-build-debug/CMakeFiles/CMakeTmp

Run Build Command:"/usr/bin/make" "cmTC_f7e68/fast"
make[1]: Verzeichnis „/home/julian/projects/graphqlcpp-vmtest/cmake-build-debug/CMakeFiles/CMakeTmp“ wird betreten
/usr/bin/make -f CMakeFiles/cmTC_f7e68.dir/build.make CMakeFiles/cmTC_f7e68.dir/build
make[2]: Verzeichnis „/home/julian/projects/graphqlcpp-vmtest/cmake-build-debug/CMakeFiles/CMakeTmp“ wird betreten
Building C object CMakeFiles/cmTC_f7e68.dir/CheckSymbolExists.c.o
/usr/bin/cc    -o CMakeFiles/cmTC_f7e68.dir/CheckSymbolExists.c.o   -c /home/julian/projects/graphqlcpp-vmtest/cmake-build-debug/CMakeFiles/CMakeTmp/CheckSymbolExists.c
Linking C executable cmTC_f7e68
/opt/clion-2018.2.5/bin/cmake/linux/bin/cmake -E cmake_link_script CMakeFiles/cmTC_f7e68.dir/link.txt --verbose=1
/usr/bin/cc      -rdynamic CMakeFiles/cmTC_f7e68.dir/CheckSymbolExists.c.o  -o cmTC_f7e68 
CMakeFiles/cmTC_f7e68.dir/CheckSymbolExists.c.o: In Funktion »main«:
CheckSymbolExists.c:(.text+0x1b): Warnung: undefinierter Verweis auf »pthread_create«
collect2: error: ld returned 1 exit status
CMakeFiles/cmTC_f7e68.dir/build.make:86: recipe for target 'cmTC_f7e68' failed
make[2]: *** [cmTC_f7e68] Error 1
make[2]: Verzeichnis „/home/julian/projects/graphqlcpp-vmtest/cmake-build-debug/CMakeFiles/CMakeTmp“ wird verlassen
Makefile:121: recipe for target 'cmTC_f7e68/fast' failed
make[1]: *** [cmTC_f7e68/fast] Error 2
make[1]: Verzeichnis „/home/julian/projects/graphqlcpp-vmtest/cmake-build-debug/CMakeFiles/CMakeTmp“ wird verlassen

File /home/julian/projects/graphqlcpp-vmtest/cmake-build-debug/CMakeFiles/CMakeTmp/CheckSymbolExists.c:
/* */
#include <pthread.h>

int main(int argc, char** argv)
{
  (void)argv;
#ifndef pthread_create
  return ((int*)(&pthread_create))[argc];
#else
  (void)argc;
  return 0;
#endif
}

